2020-02-04 14:11:57,289 [MainThread  ] [INFO ]  =========================================
2020-02-04 14:11:57,289 [MainThread  ] [INFO ]  ==============Begin logging==============
2020-02-04 14:11:57,289 [MainThread  ] [INFO ]  =========================================
2020-02-04 14:11:57,412 [MainThread  ] [INFO ]  use device GeForce GTX 1080
2020-02-04 14:11:57,412 [MainThread  ] [INFO ]  load dataset
2020-02-04 14:11:57,437 [MainThread  ] [INFO ]  Loading from data/targer/targer_train.txt: 1423 samples, 16096 words.
2020-02-04 14:11:57,445 [MainThread  ] [INFO ]  Loading from data/targer/targer_dev.txt: 474 samples, 5385 words.
2020-02-04 14:11:57,453 [MainThread  ] [INFO ]  Loading from data/targer/targer_test.txt: 475 samples, 5213 words.
2020-02-04 14:11:57,454 [MainThread  ] [INFO ]  create DatasetsBank
2020-02-04 14:11:57,739 [MainThread  ] [INFO ]  DatasetsBank: len(unique_words_list) = 4397 unique words.
2020-02-04 14:11:57,905 [MainThread  ] [INFO ]  DatasetsBank: len(unique_words_list) = 5459 unique words.
2020-02-04 14:11:58,083 [MainThread  ] [INFO ]  DatasetsBank: len(unique_words_list) = 6394 unique words.
2020-02-04 14:11:58,083 [MainThread  ] [INFO ]  create Word Sequence Indexer
2020-02-04 14:11:58,084 [MainThread  ] [INFO ]  Reading embeddings file embeddings/glove.6B.100d.txt, line = 0
2020-02-04 14:11:59,879 [MainThread  ] [INFO ]  Reading embeddings file embeddings/glove.6B.100d.txt, line = 25000
2020-02-04 14:12:01,646 [MainThread  ] [INFO ]  Reading embeddings file embeddings/glove.6B.100d.txt, line = 50000
2020-02-04 14:12:03,475 [MainThread  ] [INFO ]  Reading embeddings file embeddings/glove.6B.100d.txt, line = 75000
2020-02-04 14:12:05,244 [MainThread  ] [INFO ]  Reading embeddings file embeddings/glove.6B.100d.txt, line = 100000
2020-02-04 14:12:07,020 [MainThread  ] [INFO ]  Reading embeddings file embeddings/glove.6B.100d.txt, line = 125000
2020-02-04 14:12:08,795 [MainThread  ] [INFO ]  Reading embeddings file embeddings/glove.6B.100d.txt, line = 150000
2020-02-04 14:12:10,604 [MainThread  ] [INFO ]  Reading embeddings file embeddings/glove.6B.100d.txt, line = 175000
2020-02-04 14:12:12,398 [MainThread  ] [INFO ]  Reading embeddings file embeddings/glove.6B.100d.txt, line = 200000
2020-02-04 14:12:14,174 [MainThread  ] [INFO ]  Reading embeddings file embeddings/glove.6B.100d.txt, line = 225000
2020-02-04 14:12:15,963 [MainThread  ] [INFO ]  Reading embeddings file embeddings/glove.6B.100d.txt, line = 250000
2020-02-04 14:12:17,744 [MainThread  ] [INFO ]  Reading embeddings file embeddings/glove.6B.100d.txt, line = 275000
2020-02-04 14:12:19,524 [MainThread  ] [INFO ]  Reading embeddings file embeddings/glove.6B.100d.txt, line = 300000
2020-02-04 14:12:21,395 [MainThread  ] [INFO ]  Reading embeddings file embeddings/glove.6B.100d.txt, line = 325000
2020-02-04 14:12:23,213 [MainThread  ] [INFO ]  Reading embeddings file embeddings/glove.6B.100d.txt, line = 350000
2020-02-04 14:12:25,030 [MainThread  ] [INFO ]  Reading embeddings file embeddings/glove.6B.100d.txt, line = 375000
